{"numFailedTestSuites":0,"numFailedTests":0,"numPassedTestSuites":1,"numPassedTests":1,"numPendingTestSuites":0,"numPendingTests":0,"numRuntimeErrorTestSuites":0,"numTodoTests":0,"numTotalTestSuites":1,"numTotalTests":1,"openHandles":[],"snapshot":{"added":0,"didUpdate":false,"failure":false,"filesAdded":0,"filesRemoved":0,"filesRemovedList":[],"filesUnmatched":0,"filesUpdated":0,"matched":0,"total":0,"unchecked":0,"uncheckedKeysByFile":[],"unmatched":0,"updated":0},"startTime":1635096061227,"success":true,"testResults":[{"assertionResults":[{"ancestorTitles":[],"failureMessages":[],"fullName":"renders pinned tasks at the start of the list","location":null,"status":"passed","title":"renders pinned tasks at the start of the list"}],"endTime":1635096064359,"message":"","name":"G:\\projects\\experiment\\react\\taskbox\\src\\components\\TaskList.test.js","startTime":1635096062393,"status":"passed","summary":""}],"wasInterrupted":false}